<?xml version="1.0" encoding="UTF-8"?>
<!-- Generated by org.testng.reporters.JUnitXMLReporter -->
<testsuite ignored="0" hostname="Maruthi" failures="0" tests="3" name="DataproviderTest" time="0.07" errors="0" timestamp="2025-08-22T12:36:15 IST">
  <testcase classname="TestNg_Day4.DataProviderTest" name="testnumber" time="0.008"/>
  <testcase classname="TestNg_Day4.DataProviderTest" name="testnumber" time="0.001"/>
  <testcase classname="TestNg_Day4.DataProviderTest" name="testnumber" time="0.001"/>
</testsuite> <!-- DataproviderTest -->
