<?xml version="1.0" encoding="UTF-8"?>
<!-- Generated by org.testng.reporters.JUnitXMLReporter -->
<testsuite ignored="1" hostname="Maruthi" failures="0" tests="2" name="RegresionTest" time="0.011" errors="0" timestamp="2025-08-20T16:28:54 IST">
  <testcase classname="TestNg_Day2.AmazonTest" name="testAddToCart" time="0.001"/>
  <testcase classname="TestNg_Day2.AmazonTest" name="testCheckout" time="0.0"/>
  <testcase classname="TestNg_Day2.AmazonTest" name="testLogin" time="0.0">
    <ignored/>
  </testcase> <!-- testLogin -->
</testsuite> <!-- RegresionTest -->
