<?xml version="1.0" encoding="UTF-8"?>
<!-- Generated by org.testng.reporters.JUnitXMLReporter -->
<testsuite ignored="1" hostname="Maruthi" failures="0" tests="2" name="sanity Tests" time="0.063" errors="0" timestamp="2025-08-20T17:07:50 IST">
  <testcase classname="TestNg_Day2.AmazonTest" name="testAddToCart" time="0.009"/>
  <testcase classname="TestNg_Day2.AmazonTest" name="testCheckout" time="0.001"/>
  <testcase classname="TestNg_Day2.AmazonTest" name="testLogin" time="0.0">
    <ignored/>
  </testcase> <!-- testLogin -->
</testsuite> <!-- sanity Tests -->
