<?xml version="1.0" encoding="UTF-8"?>
<!-- Generated by org.testng.reporters.JUnitXMLReporter -->
<testsuite ignored="2" hostname="Maruthi" failures="0" tests="1" name="SanityTest" time="0.008" errors="0" timestamp="2025-08-20T16:30:17 IST">
  <testcase classname="TestNg_Day2.AmazonTest" name="testCheckout" time="0.002"/>
  <testcase classname="TestNg_Day2.AmazonTest" name="testLogin" time="0.0">
    <ignored/>
  </testcase> <!-- testLogin -->
  <testcase classname="TestNg_Day2.AmazonTest" name="testAddToCart" time="0.0">
    <ignored/>
  </testcase> <!-- testAddToCart -->
</testsuite> <!-- SanityTest -->
