<?xml version="1.0" encoding="UTF-8"?>
<!-- Generated by org.testng.reporters.JUnitXMLReporter -->
<testsuite ignored="1" hostname="Maruthi" failures="0" tests="2" name="smoke+ Regression test" time="0.077" errors="0" timestamp="2025-08-20T17:21:19 IST">
  <testcase classname="TestNg_Day2.AmazonTest" name="testAddToCart" time="0.01"/>
  <testcase classname="TestNg_Day2.AmazonTest" name="testLogin" time="0.002"/>
  <testcase classname="TestNg_Day2.AmazonTest" name="testCheckout" time="0.0">
    <ignored/>
  </testcase> <!-- testCheckout -->
</testsuite> <!-- smoke+ Regression test -->
