<?xml version="1.0" encoding="UTF-8"?>
<!-- Generated by org.testng.reporters.JUnitXMLReporter -->
<testsuite ignored="0" hostname="Maruthi" failures="0" tests="3" name="smoke+Regression" time="0.073" errors="0" timestamp="2025-08-20T16:56:06 IST">
  <testcase classname="TestNg_Day2.AmazonTest" name="testAddToCart" time="0.008"/>
  <testcase classname="TestNg_Day2.AmazonTest" name="testCheckout" time="0.002"/>
  <testcase classname="TestNg_Day2.AmazonTest" name="testLogin" time="0.002"/>
</testsuite> <!-- smoke+Regression -->
