<?xml version="1.0" encoding="UTF-8"?>
<!-- Generated by org.testng.reporters.JUnitXMLReporter -->
<testsuite ignored="2" hostname="Maruthi" failures="0" tests="1" name="smokeTest" time="0.085" errors="0" timestamp="2025-08-20T17:20:42 IST">
  <testcase classname="TestNg_Day2.AmazonTest" name="testLogin" time="0.009"/>
  <testcase classname="TestNg_Day2.AmazonTest" name="testCheckout" time="0.0">
    <ignored/>
  </testcase> <!-- testCheckout -->
  <testcase classname="TestNg_Day2.AmazonTest" name="testAddToCart" time="0.0">
    <ignored/>
  </testcase> <!-- testAddToCart -->
</testsuite> <!-- smokeTest -->
