<?xml version="1.0" encoding="UTF-8"?>
<!-- Generated by org.testng.reporters.JUnitXMLReporter -->
<testsuite ignored="0" hostname="Maruthi" failures="0" tests="3" name="smoke+ Regression Tests" time="0.076" errors="0" timestamp="2025-08-20T16:59:44 IST">
  <testcase classname="TestNg_Day2.AmazonTest" name="testAddToCart" time="0.008"/>
  <testcase classname="TestNg_Day2.AmazonTest" name="testCheckout" time="0.002"/>
  <testcase classname="TestNg_Day2.AmazonTest" name="testLogin" time="0.001"/>
</testsuite> <!-- smoke+ Regression Tests -->
