<?xml version="1.0" encoding="UTF-8"?>
<!-- Generated by org.testng.reporters.JUnitXMLReporter -->
<testsuite ignored="2" hostname="Maruthi" failures="0" tests="1" name="ExcludeRegression" time="3.765" errors="0" timestamp="2025-08-21T09:41:45 IST">
  <testcase classname="TestNg_Day2.EcommerceTest" name="testLogin" time="0.073"/>
  <testcase classname="TestNg_Day2.EcommerceTest" name="testAddToCart" time="0.0">
    <ignored/>
  </testcase> <!-- testAddToCart -->
  <testcase classname="TestNg_Day2.EcommerceTest" name="testCart" time="0.0">
    <ignored/>
  </testcase> <!-- testCart -->
</testsuite> <!-- ExcludeRegression -->
