<?xml version="1.0" encoding="UTF-8"?>
<!-- Generated by org.testng.reporters.JUnitXMLReporter -->
<testsuite ignored="0" hostname="Maruthi" failures="0" tests="3" name="FullClassRun" time="9.605" errors="0" timestamp="2025-08-20T17:49:03 IST">
  <testcase classname="TestNg_Day2.EcommerceTest" name="testAddToCart" time="3.116"/>
  <testcase classname="TestNg_Day2.EcommerceTest" name="testCart" time="0.001"/>
  <testcase classname="TestNg_Day2.EcommerceTest" name="testLogin" time="2.202"/>
</testsuite> <!-- FullClassRun -->
