<?xml version="1.0" encoding="UTF-8"?>
<!-- Generated by org.testng.reporters.JUnitXMLReporter -->
<testsuite ignored="1" hostname="Maruthi" failures="1" tests="2" name="RegressionAndSanitoryTests" time="0.08" errors="0" timestamp="2025-08-20T17:47:52 IST">
  <testcase classname="TestNg_Day2.EcommerceTest" name="testAddToCart" time="0.015">
    <failure type="java.lang.NullPointerException" message="Cannot invoke &amp;quot;org.openqa.selenium.WebDriver.findElement(org.openqa.selenium.By)&amp;quot; because &amp;quot;this.driver&amp;quot; is null">
      <![CDATA[java.lang.NullPointerException: Cannot invoke "org.openqa.selenium.WebDriver.findElement(org.openqa.selenium.By)" because "this.driver" is null
at TestNg_Day2.EcommerceTest.testAddToCart(EcommerceTest.java:27)
at java.base/java.util.ArrayList.forEach(ArrayList.java:1511)
... Removed 27 stack frames]]>
    </failure>
  </testcase> <!-- testAddToCart -->
  <testcase classname="TestNg_Day2.EcommerceTest" name="testCart" time="0.001"/>
  <testcase classname="TestNg_Day2.EcommerceTest" name="testLogin" time="0.0">
    <ignored/>
  </testcase> <!-- testLogin -->
</testsuite> <!-- RegressionAndSanitoryTests -->
