<?xml version="1.0" encoding="UTF-8"?>
<!-- Generated by org.testng.reporters.JUnitXMLReporter -->
<testsuite ignored="1" hostname="Maruthi" failures="0" tests="2" name="SelectedMethods" time="3.95" errors="0" timestamp="2025-08-20T17:50:18 IST">
  <testcase classname="TestNg_Day2.EcommerceTest" name="testLogin" time="0.053"/>
  <testcase classname="TestNg_Day2.EcommerceTest" name="testCart" time="0.002"/>
  <testcase classname="TestNg_Day2.EcommerceTest" name="testAddToCart" time="0.0">
    <ignored/>
  </testcase> <!-- testAddToCart -->
</testsuite> <!-- SelectedMethods -->
