<?xml version="1.0" encoding="UTF-8"?>
<!-- Generated by org.testng.reporters.JUnitXMLReporter -->
<testsuite ignored="0" hostname="Maruthi" failures="0" tests="5" name="Tests" time="0.09" errors="0" timestamp="2025-08-22T12:09:51 IST">
  <testcase classname="TestNg_Day4.TransformerTest" name="testTransformer" time="0.017"/>
  <testcase classname="TestNg_Day4.TransformerTest" name="testTransformer" time="0.003"/>
  <testcase classname="TestNg_Day4.TransformerTest" name="testTransformer" time="0.001"/>
  <testcase classname="TestNg_Day4.TransformerTest" name="testTransformer" time="0.001"/>
  <testcase classname="TestNg_Day4.TransformerTest" name="testTransformer" time="0.001"/>
</testsuite> <!-- Tests -->
