<?xml version="1.0" encoding="UTF-8"?>
<testng-results ignored="0" total="1" passed="1" failed="0" skipped="0">
  <reporter-output>
  </reporter-output>
  <suite started-at="2025-08-23T11:18:53 IST" name="Default suite" finished-at="2025-08-23T11:18:56 IST" duration-ms="2944">
    <groups>
    </groups>
    <test started-at="2025-08-23T11:18:53 IST" name="Default test" finished-at="2025-08-23T11:18:56 IST" duration-ms="2944">
      <class name="TestNg.testng">
        <test-method is-config="true" signature="setup()[pri:0, instance:TestNg.testng@6989da5e]" started-at="2025-08-23T11:18:53 IST" name="setup" finished-at="2025-08-23T11:18:54 IST" duration-ms="1686" status="PASS">
          <reporter-output>
          </reporter-output>
        </test-method> <!-- setup -->
        <test-method signature="testgoogleTitile()[pri:0, instance:TestNg.testng@6989da5e]" started-at="2025-08-23T11:18:54 IST" name="testgoogleTitile" finished-at="2025-08-23T11:18:55 IST" duration-ms="924" status="PASS">
          <reporter-output>
          </reporter-output>
        </test-method> <!-- testgoogleTitile -->
        <test-method is-config="true" signature="tearDown()[pri:0, instance:TestNg.testng@6989da5e]" started-at="2025-08-23T11:18:55 IST" name="tearDown" finished-at="2025-08-23T11:18:56 IST" duration-ms="265" status="PASS">
          <reporter-output>
          </reporter-output>
        </test-method> <!-- tearDown -->
      </class> <!-- TestNg.testng -->
    </test> <!-- Default test -->
  </suite> <!-- Default suite -->
</testng-results>
